<?xml version="1.0" encoding="UTF-8"?>
<!-- Generated by org.testng.reporters.JUnitReportReporter -->
<testsuite hostname="ZA-5CD350K5XF" failures="0" tests="1" name="com.resreq.tests.PatchRequest" time="1.191" errors="0" timestamp="2024-10-08T09:45:51 SAST" skipped="0">
  <testcase classname="com.resreq.tests.PatchRequest" name="postRequest" time="1.191"/>
</testsuite> <!-- com.resreq.tests.PatchRequest -->
