<?xml version="1.0" encoding="UTF-8"?>
<!-- Generated by org.testng.reporters.JUnitReportReporter -->
<testsuite hostname="ZA-5CD350K5XF" failures="0" tests="1" name="com.resreq.tests.DeleteRequest" time="2.077" errors="0" timestamp="2024-10-08T09:45:51 SAST" skipped="0">
  <testcase classname="com.resreq.tests.DeleteRequest" name="postRequest" time="2.077"/>
</testsuite> <!-- com.resreq.tests.DeleteRequest -->
