<?xml version="1.0" encoding="UTF-8"?>
<!-- Generated by org.testng.reporters.JUnitReportReporter -->
<testsuite hostname="ZA-5CD350K5XF" failures="0" tests="1" name="com.resreq.tests.GetRequest" time="1.482" errors="0" timestamp="2025-02-18T08:28:40 SAST" skipped="0">
  <testcase classname="com.resreq.tests.GetRequest" name="getRequest" time="1.482"/>
</testsuite> <!-- com.resreq.tests.GetRequest -->
